2020-05-19 02:14:12,843 - instabot version: 0.117.0 (bot) - INFO - Instabot version: 0.117.0 Started
2020-05-19 02:14:12,843 - instabot version: 0.117.0 (bot) - DEBUG - Bot imported from C:\Users\Dinopc\PycharmProjects\COVIDBot\venv\lib\site-packages\instabot\bot\bot.py
2020-05-19 02:14:12,843 - instabot version: 0.117.0 (api_login) - DEBUG - Loading cookies
2020-05-19 02:14:12,844 - instabot version: 0.117.0 (api_login) - DEBUG - Loading uuids
2020-05-19 02:14:12,844 - instabot version: 0.117.0 (api_login) - INFO - Recovery from C:\Users\Dinopc\PycharmProjects\COVIDBot/config/covidnews_br_uuid_and_cookie.json: COOKIE True - UUIDs True - TIMING, DEVICE and ...
- user-agent=Instagram 117.0.0.28.123 Android (28/9.0; 420dpi; 1080x1920; OnePlus; ONEPLUS A3003; OnePlus3; qcom; en_US; 180322800)
- phone_id=34d2b071-c184-485a-9c30-d3edf26c987a
- uuid=5b692fe7-879c-409e-a261-3b2ff54ec789
- client_session_id=90e14f8c-1df5-4083-9eb4-ec546b3deaab
- device_id=android-3c58beea084e55de
2020-05-19 02:14:12,844 - instabot version: 0.117.0 (api_login) - INFO - LOGIN FLOW! Just logged-in: False
2020-05-19 02:14:13,849 - instabot version: 0.117.0 (api) - DEBUG - POST to endpoint: feed/timeline/ returned response: <Response [200]>
2020-05-19 02:14:14,534 - instabot version: 0.117.0 (api) - DEBUG - POST to endpoint: feed/reels_tray/ returned response: <Response [200]>
2020-05-19 02:14:14,539 - instabot version: 0.117.0 (api) - INFO - Logged-in successfully as 'covidnews_br'!
2020-05-19 02:14:14,540 - instabot version: 0.117.0 (bot_checkpoint) - DEBUG - Loading Checkpoint file from: C:\Users\Dinopc\PycharmProjects\COVIDBot/config/covidnews_br.checkpoint
2020-05-19 02:14:43,271 - instabot version: 0.117.0 (api) - DEBUG - POST to endpoint: media/configure/? returned response: <Response [200]>
2020-05-19 02:14:43,910 - instabot version: 0.117.0 (api) - DEBUG - POST to endpoint: qe/expose/ returned response: <Response [200]>
2020-05-19 02:14:43,911 - instabot version: 0.117.0 (bot_photo) - INFO - Photo 'brazildata.jpg' is uploaded.
2020-05-19 02:15:05,953 - instabot version: 0.117.0 (api) - DEBUG - POST to endpoint: media/configure/? returned response: <Response [200]>
2020-05-19 02:15:06,803 - instabot version: 0.117.0 (api) - DEBUG - POST to endpoint: qe/expose/ returned response: <Response [200]>
2020-05-19 02:15:06,804 - instabot version: 0.117.0 (bot_photo) - INFO - Photo 'grafico.jpg' is uploaded.
2020-05-19 02:15:27,750 - instabot version: 0.117.0 (api) - DEBUG - POST to endpoint: media/configure/? returned response: <Response [200]>
2020-05-19 02:15:28,423 - instabot version: 0.117.0 (api) - DEBUG - POST to endpoint: qe/expose/ returned response: <Response [200]>
2020-05-19 02:15:28,425 - instabot version: 0.117.0 (bot_photo) - INFO - Photo 'worlddata.jpg' is uploaded.
2020-05-19 02:16:13,794 - instabot version: 0.117.0 (api) - DEBUG - POST to endpoint: media/configure/? returned response: <Response [200]>
2020-05-19 02:16:15,370 - instabot version: 0.117.0 (api) - DEBUG - POST to endpoint: qe/expose/ returned response: <Response [200]>
2020-05-19 02:16:15,371 - instabot version: 0.117.0 (bot_photo) - INFO - Photo 'brazildata.jpg' is uploaded.
2020-05-19 02:16:37,125 - instabot version: 0.117.0 (api) - DEBUG - POST to endpoint: media/configure/? returned response: <Response [200]>
2020-05-19 02:16:37,859 - instabot version: 0.117.0 (api) - DEBUG - POST to endpoint: qe/expose/ returned response: <Response [200]>
2020-05-19 02:16:37,861 - instabot version: 0.117.0 (bot_photo) - INFO - Photo 'grafico.jpg' is uploaded.
2020-05-19 02:16:58,198 - instabot version: 0.117.0 (api) - DEBUG - POST to endpoint: media/configure/? returned response: <Response [200]>
2020-05-19 02:17:00,190 - instabot version: 0.117.0 (api) - DEBUG - POST to endpoint: qe/expose/ returned response: <Response [200]>
2020-05-19 02:17:00,191 - instabot version: 0.117.0 (bot_photo) - INFO - Photo 'worlddata.jpg' is uploaded.
2020-05-19 02:17:46,558 - instabot version: 0.117.0 (api) - DEBUG - POST to endpoint: media/configure/? returned response: <Response [200]>
2020-05-19 02:17:47,225 - instabot version: 0.117.0 (api) - DEBUG - POST to endpoint: qe/expose/ returned response: <Response [200]>
2020-05-19 02:17:47,226 - instabot version: 0.117.0 (bot_photo) - INFO - Photo 'brazildata.jpg' is uploaded.
2020-05-19 02:18:06,567 - instabot version: 0.117.0 (api) - DEBUG - POST to endpoint: media/configure/? returned response: <Response [200]>
2020-05-19 02:18:07,042 - instabot version: 0.117.0 (api) - DEBUG - POST to endpoint: qe/expose/ returned response: <Response [200]>
2020-05-19 02:18:07,043 - instabot version: 0.117.0 (bot_photo) - INFO - Photo 'grafico.jpg' is uploaded.
2020-05-19 02:18:26,113 - instabot version: 0.117.0 (api) - DEBUG - POST to endpoint: media/configure/? returned response: <Response [200]>
2020-05-19 02:18:26,696 - instabot version: 0.117.0 (api) - DEBUG - POST to endpoint: qe/expose/ returned response: <Response [200]>
2020-05-19 02:18:26,697 - instabot version: 0.117.0 (bot_photo) - INFO - Photo 'worlddata.jpg' is uploaded.
2020-05-19 02:19:13,932 - instabot version: 0.117.0 (api) - DEBUG - POST to endpoint: media/configure/? returned response: <Response [200]>
2020-05-19 02:19:14,461 - instabot version: 0.117.0 (api) - DEBUG - POST to endpoint: qe/expose/ returned response: <Response [200]>
2020-05-19 02:19:14,462 - instabot version: 0.117.0 (bot_photo) - INFO - Photo 'brazildata.jpg' is uploaded.
2020-05-19 02:19:35,165 - instabot version: 0.117.0 (api) - DEBUG - POST to endpoint: media/configure/? returned response: <Response [200]>
2020-05-19 02:19:35,755 - instabot version: 0.117.0 (api) - DEBUG - POST to endpoint: qe/expose/ returned response: <Response [200]>
2020-05-19 02:19:35,756 - instabot version: 0.117.0 (bot_photo) - INFO - Photo 'grafico.jpg' is uploaded.
2020-05-19 02:19:56,192 - instabot version: 0.117.0 (api) - DEBUG - POST to endpoint: media/configure/? returned response: <Response [200]>
2020-05-19 02:19:56,784 - instabot version: 0.117.0 (api) - DEBUG - POST to endpoint: qe/expose/ returned response: <Response [200]>
2020-05-19 02:19:56,785 - instabot version: 0.117.0 (bot_photo) - INFO - Photo 'worlddata.jpg' is uploaded.
2020-05-19 02:20:42,201 - instabot version: 0.117.0 (api) - DEBUG - POST to endpoint: media/configure/? returned response: <Response [200]>
2020-05-19 02:20:42,692 - instabot version: 0.117.0 (api) - DEBUG - POST to endpoint: qe/expose/ returned response: <Response [200]>
2020-05-19 02:20:42,693 - instabot version: 0.117.0 (bot_photo) - INFO - Photo 'brazildata.jpg' is uploaded.
2020-05-19 02:21:03,421 - instabot version: 0.117.0 (api) - DEBUG - POST to endpoint: media/configure/? returned response: <Response [200]>
2020-05-19 02:21:03,918 - instabot version: 0.117.0 (api) - DEBUG - POST to endpoint: qe/expose/ returned response: <Response [200]>
2020-05-19 02:21:03,919 - instabot version: 0.117.0 (bot_photo) - INFO - Photo 'grafico.jpg' is uploaded.
2020-05-19 02:21:21,332 - instabot version: 0.117.0 (bot_checkpoint) - DEBUG - Saving Checkpoint file to: C:\Users\Dinopc\PycharmProjects\COVIDBot/config/covidnews_br.checkpoint
2020-05-19 02:21:21,336 - instabot version: 0.117.0 (bot) - INFO - Total requests: 107
