2020-05-11 20:24:21,267 - instabot version: 0.117.0 (bot) - INFO - Instabot version: 0.117.0 Started
2020-05-11 20:24:21,267 - instabot version: 0.117.0 (bot) - DEBUG - Bot imported from C:\Users\Dinopc\PycharmProjects\COVIDBot\venv\lib\site-packages\instabot\bot\bot.py
2020-05-11 20:24:21,268 - instabot version: 0.117.0 (api_login) - INFO - Not yet logged in starting: PRE-LOGIN FLOW!
2020-05-11 20:24:21,761 - instabot version: 0.117.0 (api) - DEBUG - POST to endpoint: accounts/get_prefill_candidates/ returned response: <Response [200]>
2020-05-11 20:24:22,116 - instabot version: 0.117.0 (api) - DEBUG - POST to endpoint: qe/sync/ returned response: <Response [200]>
2020-05-11 20:24:22,460 - instabot version: 0.117.0 (api) - DEBUG - POST to endpoint: launcher/sync/ returned response: <Response [200]>
2020-05-11 20:24:22,802 - instabot version: 0.117.0 (api) - DEBUG - POST to endpoint: accounts/contact_point_prefill/ returned response: <Response [200]>
2020-05-11 20:24:23,966 - instabot version: 0.117.0 (api) - DEBUG - POST to endpoint: accounts/login/ returned response: <Response [200]>
2020-05-11 20:24:23,966 - instabot version: 0.117.0 (api) - INFO - Logged-in successfully as 'covidnews_br'!
2020-05-11 20:24:23,966 - instabot version: 0.117.0 (api_login) - INFO - LOGIN FLOW! Just logged-in: True
2020-05-11 20:24:24,297 - instabot version: 0.117.0 (api) - DEBUG - POST to endpoint: qe/sync/ returned response: <Response [200]>
2020-05-11 20:24:24,609 - instabot version: 0.117.0 (api) - DEBUG - POST to endpoint: launcher/sync/ returned response: <Response [200]>
2020-05-11 20:24:24,925 - instabot version: 0.117.0 (api) - DEBUG - GET to endpoint: zr/token/result/?device_id=android-3c58beea084e55de&token_hash=&custom_device_id=android-3c58beea084e55de&fetch_reason=token_expired returned response: <Response [200]>
2020-05-11 20:24:25,240 - instabot version: 0.117.0 (api) - DEBUG - GET to endpoint: multiple_accounts/get_account_family/ returned response: <Response [200]>
2020-05-11 20:24:25,555 - instabot version: 0.117.0 (api) - DEBUG - POST to endpoint: qe/sync/ returned response: <Response [200]>
2020-05-11 20:24:25,922 - instabot version: 0.117.0 (api) - DEBUG - GET to endpoint: igtv/browse_feed/?prefetch=1 returned response: <Response [200]>
2020-05-11 20:24:26,230 - instabot version: 0.117.0 (api) - DEBUG - POST to endpoint: creatives/ar_class/ returned response: <Response [200]>
2020-05-11 20:24:26,639 - instabot version: 0.117.0 (api) - DEBUG - POST to endpoint: feed/reels_tray/ returned response: <Response [200]>
2020-05-11 20:24:27,330 - instabot version: 0.117.0 (api) - DEBUG - POST to endpoint: feed/timeline/ returned response: <Response [200]>
2020-05-11 20:24:27,635 - instabot version: 0.117.0 (api) - DEBUG - GET to endpoint: media/blocked/ returned response: <Response [200]>
2020-05-11 20:24:28,104 - instabot version: 0.117.0 (api) - DEBUG - GET to endpoint: news/inbox/ returned response: <Response [200]>
2020-05-11 20:24:28,430 - instabot version: 0.117.0 (api) - DEBUG - GET to endpoint: loom/fetch_config/ returned response: <Response [200]>
2020-05-11 20:24:28,815 - instabot version: 0.117.0 (api) - DEBUG - GET to endpoint: scores/bootstrap/users/?surfaces=["autocomplete_user_list","coefficient_besties_list_ranking","coefficient_rank_recipient_user_suggestion","coefficient_ios_section_test_bootstrap_ranking","coefficient_direct_recipients_ranking_variant_2"] returned response: <Response [200]>
2020-05-11 20:24:29,133 - instabot version: 0.117.0 (api) - DEBUG - GET to endpoint: business/eligibility/get_monetization_products_eligibility_data/?product_types=branded_content returned response: <Response [200]>
2020-05-11 20:24:29,431 - instabot version: 0.117.0 (api) - DEBUG - GET to endpoint: business/branded_content/should_require_professional_account/ returned response: <Response [200]>
2020-05-11 20:24:29,743 - instabot version: 0.117.0 (api) - DEBUG - GET to endpoint: linked_accounts/get_linkage_status/ returned response: <Response [200]>
2020-05-11 20:24:30,092 - instabot version: 0.117.0 (api) - DEBUG - GET to endpoint: locations/request_country/ returned response: <Response [200]>
2020-05-11 20:24:30,419 - instabot version: 0.117.0 (api) - DEBUG - GET to endpoint: qp/get_cooldowns/?signed_body=signed_body=4b9c516a5410a3bc128e09c6104a7f042146b9c2023870560c63a43a7f66781c.4&ig_sig_key_version=4&ig_sig_key_version=4 returned response: <Response [200]>
2020-05-11 20:24:30,721 - instabot version: 0.117.0 (api) - DEBUG - GET to endpoint: users/arlink_download_info/?version_override=2.2.1 returned response: <Response [200]>
2020-05-11 20:24:31,264 - instabot version: 0.117.0 (api) - DEBUG - GET to endpoint: users/34899512845/info/ returned response: <Response [200]>
2020-05-11 20:24:31,568 - instabot version: 0.117.0 (api) - DEBUG - GET to endpoint: direct_v2/get_presence/ returned response: <Response [200]>
2020-05-11 20:24:31,952 - instabot version: 0.117.0 (api) - DEBUG - GET to endpoint: direct_v2/inbox/?visual_message_return_type=unseen&thread_message_limit=10&persistentBadging=true&limit=20 returned response: <Response [200]>
2020-05-11 20:24:32,282 - instabot version: 0.117.0 (api) - DEBUG - GET to endpoint: direct_v2/inbox/?visual_message_return_type=unseen&persistentBadging=true&limit=0 returned response: <Response [200]>
2020-05-11 20:24:32,638 - instabot version: 0.117.0 (api) - DEBUG - GET to endpoint: discover/topical_explore/?is_prefetch=true&omit_cover_media=true&use_sectional_payload=true&timezone_offset=0&session_id=58b80178-9751-49b0-babe-4ac2e29b1542&include_fixed_destinations=true returned response: <Response [200]>
2020-05-11 20:24:32,934 - instabot version: 0.117.0 (api) - DEBUG - POST to endpoint: notifications/badge/ returned response: <Response [200]>
2020-05-11 20:24:33,314 - instabot version: 0.117.0 (api) - DEBUG - POST to endpoint: qp/batch_fetch/ returned response: <Response [200]>
2020-05-11 20:24:33,318 - instabot version: 0.117.0 (bot_checkpoint) - DEBUG - Loading Checkpoint file from: C:\Users\Dinopc\PycharmProjects\COVIDBot/config/covidnews_br.checkpoint
2020-05-11 20:24:52,343 - instabot version: 0.117.0 (api) - DEBUG - POST to endpoint: media/configure/? returned response: <Response [400]>
2020-05-11 20:24:52,343 - instabot version: 0.117.0 (api) - DEBUG - Responsecode indicates error; response content: b'{"message": "Uploaded image isn\'t in the right format", "status": "fail"}'
2020-05-11 20:24:52,343 - instabot version: 0.117.0 (api) - ERROR - Request returns 400 error!
2020-05-11 20:24:52,343 - instabot version: 0.117.0 (api) - INFO - Instagram's error message: Uploaded image isn't in the right format
2020-05-11 20:24:52,343 - instabot version: 0.117.0 (api) - INFO - Instagram's error message: {}
2020-05-11 20:25:07,698 - instabot version: 0.117.0 (api) - DEBUG - POST to endpoint: media/configure/? returned response: <Response [400]>
2020-05-11 20:25:07,698 - instabot version: 0.117.0 (api) - DEBUG - Responsecode indicates error; response content: b'{"message": "Uploaded image isn\'t in the right format", "status": "fail"}'
2020-05-11 20:25:07,698 - instabot version: 0.117.0 (api) - ERROR - Request returns 400 error!
2020-05-11 20:25:07,698 - instabot version: 0.117.0 (api) - INFO - Instagram's error message: Uploaded image isn't in the right format
2020-05-11 20:25:07,698 - instabot version: 0.117.0 (api) - INFO - Instagram's error message: {}
2020-05-11 20:25:23,075 - instabot version: 0.117.0 (api) - DEBUG - POST to endpoint: media/configure/? returned response: <Response [400]>
2020-05-11 20:25:23,075 - instabot version: 0.117.0 (api) - DEBUG - Responsecode indicates error; response content: b'{"message": "Uploaded image isn\'t in the right format", "status": "fail"}'
2020-05-11 20:25:23,075 - instabot version: 0.117.0 (api) - ERROR - Request returns 400 error!
2020-05-11 20:25:23,075 - instabot version: 0.117.0 (api) - INFO - Instagram's error message: Uploaded image isn't in the right format
2020-05-11 20:25:23,075 - instabot version: 0.117.0 (api) - INFO - Instagram's error message: {}
2020-05-11 20:25:38,426 - instabot version: 0.117.0 (api) - DEBUG - POST to endpoint: media/configure/? returned response: <Response [400]>
2020-05-11 20:25:38,427 - instabot version: 0.117.0 (api) - DEBUG - Responsecode indicates error; response content: b'{"message": "Uploaded image isn\'t in the right format", "status": "fail"}'
2020-05-11 20:25:38,427 - instabot version: 0.117.0 (api) - ERROR - Request returns 400 error!
2020-05-11 20:25:38,427 - instabot version: 0.117.0 (api) - INFO - Instagram's error message: Uploaded image isn't in the right format
2020-05-11 20:25:38,427 - instabot version: 0.117.0 (api) - INFO - Instagram's error message: {}
2020-05-11 20:25:38,427 - instabot version: 0.117.0 (bot_photo) - INFO - Photo 'brazildata.jpg' is not uploaded.
2020-05-11 20:40:25,215 - instabot version: 0.117.0 (bot_checkpoint) - DEBUG - Saving Checkpoint file to: C:\Users\Dinopc\PycharmProjects\COVIDBot/config/covidnews_br.checkpoint
2020-05-11 20:40:25,220 - instabot version: 0.117.0 (bot) - INFO - Total requests: 35
