2020-05-20 21:02:51,185 - instabot version: 0.117.0 (bot) - INFO - Instabot version: 0.117.0 Started
2020-05-20 21:02:51,185 - instabot version: 0.117.0 (bot) - DEBUG - Bot imported from C:\Users\Dinopc\PycharmProjects\COVIDBot\venv\lib\site-packages\instabot\bot\bot.py
2020-05-20 21:02:51,186 - instabot version: 0.117.0 (api_login) - DEBUG - Loading cookies
2020-05-20 21:02:51,186 - instabot version: 0.117.0 (api_login) - DEBUG - Loading uuids
2020-05-20 21:02:51,186 - instabot version: 0.117.0 (api_login) - INFO - Recovery from C:\Users\Dinopc\PycharmProjects\COVIDBot/config/covidnews_br_uuid_and_cookie.json: COOKIE True - UUIDs True - TIMING, DEVICE and ...
- user-agent=Instagram 117.0.0.28.123 Android (28/9.0; 420dpi; 1080x1920; OnePlus; ONEPLUS A3003; OnePlus3; qcom; en_US; 180322800)
- phone_id=34d2b071-c184-485a-9c30-d3edf26c987a
- uuid=5b692fe7-879c-409e-a261-3b2ff54ec789
- client_session_id=41fbd72a-504d-41ec-a8eb-79afab015251
- device_id=android-3c58beea084e55de
2020-05-20 21:02:51,187 - instabot version: 0.117.0 (api_login) - INFO - LOGIN FLOW! Just logged-in: False
2020-05-20 21:02:52,067 - instabot version: 0.117.0 (api) - DEBUG - POST to endpoint: feed/timeline/ returned response: <Response [200]>
2020-05-20 21:02:52,522 - instabot version: 0.117.0 (api) - DEBUG - POST to endpoint: feed/reels_tray/ returned response: <Response [200]>
2020-05-20 21:02:52,529 - instabot version: 0.117.0 (api) - INFO - Logged-in successfully as 'covidnews_br'!
2020-05-20 21:02:52,530 - instabot version: 0.117.0 (bot_checkpoint) - DEBUG - Loading Checkpoint file from: C:\Users\Dinopc\PycharmProjects\COVIDBot/config/covidnews_br.checkpoint
2020-05-20 21:03:19,777 - instabot version: 0.117.0 (api) - DEBUG - POST to endpoint: media/configure/? returned response: <Response [200]>
2020-05-20 21:03:20,073 - instabot version: 0.117.0 (api) - DEBUG - POST to endpoint: qe/expose/ returned response: <Response [200]>
2020-05-20 21:03:20,074 - instabot version: 0.117.0 (bot_photo) - INFO - Photo '1-brazildata.jpg' is uploaded.
2020-05-20 21:04:40,057 - instabot version: 0.117.0 (api) - DEBUG - POST to endpoint: media/configure/? returned response: <Response [200]>
2020-05-20 21:04:40,355 - instabot version: 0.117.0 (api) - DEBUG - POST to endpoint: qe/expose/ returned response: <Response [200]>
2020-05-20 21:04:40,356 - instabot version: 0.117.0 (bot_photo) - INFO - Photo '2-worlddata.jpg' is uploaded.
