2020-05-19 03:32:04,077 - instabot version: 0.117.0 (bot) - INFO - Instabot version: 0.117.0 Started
2020-05-19 03:32:04,077 - instabot version: 0.117.0 (bot) - DEBUG - Bot imported from C:\Users\Dinopc\PycharmProjects\COVIDBot\venv\lib\site-packages\instabot\bot\bot.py
2020-05-19 03:32:04,077 - instabot version: 0.117.0 (api_login) - INFO - Not yet logged in starting: PRE-LOGIN FLOW!
2020-05-19 03:32:04,668 - instabot version: 0.117.0 (api) - DEBUG - POST to endpoint: accounts/get_prefill_candidates/ returned response: <Response [200]>
2020-05-19 03:32:05,219 - instabot version: 0.117.0 (api) - DEBUG - POST to endpoint: qe/sync/ returned response: <Response [200]>
2020-05-19 03:32:05,772 - instabot version: 0.117.0 (api) - DEBUG - POST to endpoint: launcher/sync/ returned response: <Response [200]>
2020-05-19 03:32:06,420 - instabot version: 0.117.0 (api) - DEBUG - POST to endpoint: accounts/contact_point_prefill/ returned response: <Response [200]>
2020-05-19 03:32:08,112 - instabot version: 0.117.0 (api) - DEBUG - POST to endpoint: accounts/login/ returned response: <Response [200]>
2020-05-19 03:32:08,113 - instabot version: 0.117.0 (api) - INFO - Logged-in successfully as 'covidnewsbr'!
2020-05-19 03:32:08,113 - instabot version: 0.117.0 (api_login) - INFO - LOGIN FLOW! Just logged-in: True
2020-05-19 03:32:08,686 - instabot version: 0.117.0 (api) - DEBUG - POST to endpoint: qe/sync/ returned response: <Response [200]>
2020-05-19 03:32:09,249 - instabot version: 0.117.0 (api) - DEBUG - POST to endpoint: launcher/sync/ returned response: <Response [200]>
2020-05-19 03:32:09,787 - instabot version: 0.117.0 (api) - DEBUG - GET to endpoint: zr/token/result/?device_id=android-16ad7d396609b003&token_hash=&custom_device_id=android-16ad7d396609b003&fetch_reason=token_expired returned response: <Response [200]>
2020-05-19 03:32:10,349 - instabot version: 0.117.0 (api) - DEBUG - GET to endpoint: multiple_accounts/get_account_family/ returned response: <Response [200]>
2020-05-19 03:32:10,767 - instabot version: 0.117.0 (api) - DEBUG - POST to endpoint: qe/sync/ returned response: <Response [200]>
2020-05-19 03:32:11,346 - instabot version: 0.117.0 (api) - DEBUG - GET to endpoint: igtv/browse_feed/?prefetch=1 returned response: <Response [200]>
2020-05-19 03:32:11,894 - instabot version: 0.117.0 (api) - DEBUG - POST to endpoint: creatives/ar_class/ returned response: <Response [200]>
2020-05-19 03:32:12,447 - instabot version: 0.117.0 (api) - DEBUG - POST to endpoint: feed/reels_tray/ returned response: <Response [200]>
2020-05-19 03:32:13,425 - instabot version: 0.117.0 (api) - DEBUG - POST to endpoint: feed/timeline/ returned response: <Response [200]>
2020-05-19 03:32:13,981 - instabot version: 0.117.0 (api) - DEBUG - GET to endpoint: media/blocked/ returned response: <Response [200]>
2020-05-19 03:32:14,700 - instabot version: 0.117.0 (api) - DEBUG - GET to endpoint: news/inbox/ returned response: <Response [200]>
2020-05-19 03:32:15,515 - instabot version: 0.117.0 (api) - DEBUG - GET to endpoint: loom/fetch_config/ returned response: <Response [200]>
2020-05-19 03:32:16,201 - instabot version: 0.117.0 (api) - DEBUG - GET to endpoint: scores/bootstrap/users/?surfaces=["autocomplete_user_list","coefficient_besties_list_ranking","coefficient_rank_recipient_user_suggestion","coefficient_ios_section_test_bootstrap_ranking","coefficient_direct_recipients_ranking_variant_2"] returned response: <Response [200]>
2020-05-19 03:32:16,959 - instabot version: 0.117.0 (api) - DEBUG - GET to endpoint: business/eligibility/get_monetization_products_eligibility_data/?product_types=branded_content returned response: <Response [200]>
2020-05-19 03:32:17,504 - instabot version: 0.117.0 (api) - DEBUG - GET to endpoint: business/branded_content/should_require_professional_account/ returned response: <Response [200]>
2020-05-19 03:32:18,035 - instabot version: 0.117.0 (api) - DEBUG - GET to endpoint: linked_accounts/get_linkage_status/ returned response: <Response [200]>
2020-05-19 03:32:18,545 - instabot version: 0.117.0 (api) - DEBUG - GET to endpoint: locations/request_country/ returned response: <Response [200]>
2020-05-19 03:32:19,078 - instabot version: 0.117.0 (api) - DEBUG - GET to endpoint: qp/get_cooldowns/?signed_body=signed_body=4b9c516a5410a3bc128e09c6104a7f042146b9c2023870560c63a43a7f66781c.4&ig_sig_key_version=4&ig_sig_key_version=4 returned response: <Response [200]>
2020-05-19 03:32:19,643 - instabot version: 0.117.0 (api) - DEBUG - GET to endpoint: users/arlink_download_info/?version_override=2.2.1 returned response: <Response [200]>
2020-05-19 03:32:20,311 - instabot version: 0.117.0 (api) - DEBUG - GET to endpoint: users/34899512845/info/ returned response: <Response [200]>
2020-05-19 03:32:20,854 - instabot version: 0.117.0 (api) - DEBUG - GET to endpoint: direct_v2/get_presence/ returned response: <Response [200]>
2020-05-19 03:32:21,239 - instabot version: 0.117.0 (api) - DEBUG - GET to endpoint: direct_v2/inbox/?visual_message_return_type=unseen&thread_message_limit=10&persistentBadging=true&limit=20 returned response: <Response [200]>
2020-05-19 03:32:21,825 - instabot version: 0.117.0 (api) - DEBUG - GET to endpoint: direct_v2/inbox/?visual_message_return_type=unseen&persistentBadging=true&limit=0 returned response: <Response [200]>
2020-05-19 03:32:23,206 - instabot version: 0.117.0 (api) - DEBUG - GET to endpoint: discover/topical_explore/?is_prefetch=true&omit_cover_media=true&use_sectional_payload=true&timezone_offset=0&session_id=e4b32d40-3d8a-43b7-bfe1-12a27902fe13&include_fixed_destinations=true returned response: <Response [200]>
2020-05-19 03:32:23,740 - instabot version: 0.117.0 (api) - DEBUG - POST to endpoint: notifications/badge/ returned response: <Response [200]>
2020-05-19 03:32:24,348 - instabot version: 0.117.0 (api) - DEBUG - POST to endpoint: qp/batch_fetch/ returned response: <Response [200]>
2020-05-19 03:32:24,355 - instabot version: 0.117.0 (bot_checkpoint) - DEBUG - Loading Checkpoint file from: C:\Users\Dinopc\PycharmProjects\COVIDBot/config/covidnewsbr.checkpoint
2020-05-19 03:32:49,180 - instabot version: 0.117.0 (api) - DEBUG - POST to endpoint: media/configure/? returned response: <Response [200]>
2020-05-19 03:32:49,710 - instabot version: 0.117.0 (api) - DEBUG - POST to endpoint: qe/expose/ returned response: <Response [200]>
2020-05-19 03:32:49,711 - instabot version: 0.117.0 (bot_photo) - INFO - Photo 'brazildata.jpg' is uploaded.
2020-05-19 03:33:27,110 - instabot version: 0.117.0 (api) - DEBUG - POST to endpoint: media/configure/? returned response: <Response [200]>
2020-05-19 03:33:27,736 - instabot version: 0.117.0 (api) - DEBUG - POST to endpoint: qe/expose/ returned response: <Response [200]>
2020-05-19 03:33:27,737 - instabot version: 0.117.0 (bot_photo) - INFO - Photo 'grafico.jpg' is uploaded.
2020-05-19 03:34:04,947 - instabot version: 0.117.0 (api) - DEBUG - POST to endpoint: media/configure/? returned response: <Response [200]>
2020-05-19 03:34:05,493 - instabot version: 0.117.0 (api) - DEBUG - POST to endpoint: qe/expose/ returned response: <Response [200]>
2020-05-19 03:34:05,494 - instabot version: 0.117.0 (bot_photo) - INFO - Photo 'worlddata.jpg' is uploaded.
2020-05-19 03:36:42,247 - instabot version: 0.117.0 (api) - DEBUG - POST to endpoint: media/configure/? returned response: <Response [200]>
2020-05-19 03:36:42,910 - instabot version: 0.117.0 (api) - DEBUG - POST to endpoint: qe/expose/ returned response: <Response [200]>
2020-05-19 03:36:42,910 - instabot version: 0.117.0 (bot_photo) - INFO - Photo 'brazildata.jpg' is uploaded.
