2020-05-11 20:20:34,700 - instabot version: 0.117.0 (bot) - INFO - Instabot version: 0.117.0 Started
2020-05-11 20:20:34,701 - instabot version: 0.117.0 (bot) - DEBUG - Bot imported from C:\Users\Dinopc\PycharmProjects\COVIDBot\venv\lib\site-packages\instabot\bot\bot.py
2020-05-11 20:20:34,701 - instabot version: 0.117.0 (api_login) - INFO - Not yet logged in starting: PRE-LOGIN FLOW!
2020-05-11 20:20:35,072 - instabot version: 0.117.0 (api) - DEBUG - POST to endpoint: accounts/get_prefill_candidates/ returned response: <Response [200]>
2020-05-11 20:20:35,403 - instabot version: 0.117.0 (api) - DEBUG - POST to endpoint: qe/sync/ returned response: <Response [200]>
2020-05-11 20:20:35,769 - instabot version: 0.117.0 (api) - DEBUG - POST to endpoint: launcher/sync/ returned response: <Response [200]>
2020-05-11 20:20:36,096 - instabot version: 0.117.0 (api) - DEBUG - POST to endpoint: accounts/contact_point_prefill/ returned response: <Response [200]>
2020-05-11 20:20:37,238 - instabot version: 0.117.0 (api) - DEBUG - POST to endpoint: accounts/login/ returned response: <Response [200]>
2020-05-11 20:20:37,238 - instabot version: 0.117.0 (api) - INFO - Logged-in successfully as 'botcovidinstagram@gmail.com'!
2020-05-11 20:20:37,238 - instabot version: 0.117.0 (api_login) - INFO - LOGIN FLOW! Just logged-in: True
2020-05-11 20:20:37,555 - instabot version: 0.117.0 (api) - DEBUG - POST to endpoint: qe/sync/ returned response: <Response [200]>
2020-05-11 20:20:37,962 - instabot version: 0.117.0 (api) - DEBUG - POST to endpoint: launcher/sync/ returned response: <Response [200]>
2020-05-11 20:20:38,274 - instabot version: 0.117.0 (api) - DEBUG - GET to endpoint: zr/token/result/?device_id=android-49d944f82611115c&token_hash=&custom_device_id=android-49d944f82611115c&fetch_reason=token_expired returned response: <Response [200]>
2020-05-11 20:20:38,603 - instabot version: 0.117.0 (api) - DEBUG - GET to endpoint: multiple_accounts/get_account_family/ returned response: <Response [200]>
2020-05-11 20:20:38,923 - instabot version: 0.117.0 (api) - DEBUG - POST to endpoint: qe/sync/ returned response: <Response [200]>
2020-05-11 20:20:39,285 - instabot version: 0.117.0 (api) - DEBUG - GET to endpoint: igtv/browse_feed/?prefetch=1 returned response: <Response [200]>
2020-05-11 20:20:39,595 - instabot version: 0.117.0 (api) - DEBUG - POST to endpoint: creatives/ar_class/ returned response: <Response [200]>
2020-05-11 20:20:39,976 - instabot version: 0.117.0 (api) - DEBUG - POST to endpoint: feed/reels_tray/ returned response: <Response [200]>
2020-05-11 20:20:40,982 - instabot version: 0.117.0 (api) - DEBUG - POST to endpoint: feed/timeline/ returned response: <Response [200]>
2020-05-11 20:20:41,301 - instabot version: 0.117.0 (api) - DEBUG - GET to endpoint: media/blocked/ returned response: <Response [200]>
2020-05-11 20:20:41,782 - instabot version: 0.117.0 (api) - DEBUG - GET to endpoint: news/inbox/ returned response: <Response [200]>
2020-05-11 20:20:42,094 - instabot version: 0.117.0 (api) - DEBUG - GET to endpoint: loom/fetch_config/ returned response: <Response [200]>
2020-05-11 20:20:42,422 - instabot version: 0.117.0 (api) - DEBUG - GET to endpoint: scores/bootstrap/users/?surfaces=["autocomplete_user_list","coefficient_besties_list_ranking","coefficient_rank_recipient_user_suggestion","coefficient_ios_section_test_bootstrap_ranking","coefficient_direct_recipients_ranking_variant_2"] returned response: <Response [200]>
2020-05-11 20:20:42,725 - instabot version: 0.117.0 (api) - DEBUG - GET to endpoint: business/eligibility/get_monetization_products_eligibility_data/?product_types=branded_content returned response: <Response [200]>
2020-05-11 20:20:43,043 - instabot version: 0.117.0 (api) - DEBUG - GET to endpoint: business/branded_content/should_require_professional_account/ returned response: <Response [200]>
2020-05-11 20:20:43,350 - instabot version: 0.117.0 (api) - DEBUG - GET to endpoint: linked_accounts/get_linkage_status/ returned response: <Response [200]>
2020-05-11 20:20:43,663 - instabot version: 0.117.0 (api) - DEBUG - GET to endpoint: locations/request_country/ returned response: <Response [200]>
2020-05-11 20:20:43,999 - instabot version: 0.117.0 (api) - DEBUG - GET to endpoint: qp/get_cooldowns/?signed_body=signed_body=4b9c516a5410a3bc128e09c6104a7f042146b9c2023870560c63a43a7f66781c.4&ig_sig_key_version=4&ig_sig_key_version=4 returned response: <Response [200]>
2020-05-11 20:20:44,325 - instabot version: 0.117.0 (api) - DEBUG - GET to endpoint: users/arlink_download_info/?version_override=2.2.1 returned response: <Response [200]>
2020-05-11 20:20:44,721 - instabot version: 0.117.0 (api) - DEBUG - GET to endpoint: users/34899512845/info/ returned response: <Response [200]>
2020-05-11 20:20:45,058 - instabot version: 0.117.0 (api) - DEBUG - GET to endpoint: direct_v2/get_presence/ returned response: <Response [200]>
2020-05-11 20:20:45,405 - instabot version: 0.117.0 (api) - DEBUG - GET to endpoint: direct_v2/inbox/?visual_message_return_type=unseen&thread_message_limit=10&persistentBadging=true&limit=20 returned response: <Response [200]>
2020-05-11 20:20:45,710 - instabot version: 0.117.0 (api) - DEBUG - GET to endpoint: direct_v2/inbox/?visual_message_return_type=unseen&persistentBadging=true&limit=0 returned response: <Response [200]>
2020-05-11 20:20:46,066 - instabot version: 0.117.0 (api) - DEBUG - GET to endpoint: discover/topical_explore/?is_prefetch=true&omit_cover_media=true&use_sectional_payload=true&timezone_offset=0&session_id=4bd26907-c32c-4f1c-a8d6-1709a14fca4b&include_fixed_destinations=true returned response: <Response [200]>
2020-05-11 20:20:46,392 - instabot version: 0.117.0 (api) - DEBUG - POST to endpoint: notifications/badge/ returned response: <Response [200]>
2020-05-11 20:20:46,828 - instabot version: 0.117.0 (api) - DEBUG - POST to endpoint: qp/batch_fetch/ returned response: <Response [200]>
2020-05-11 20:20:46,834 - instabot version: 0.117.0 (bot_checkpoint) - DEBUG - Loading Checkpoint file from: C:\Users\Dinopc\PycharmProjects\COVIDBot/config/botcovidinstagram@gmail.com.checkpoint
2020-05-11 20:21:07,506 - instabot version: 0.117.0 (api) - DEBUG - POST to endpoint: media/configure/? returned response: <Response [400]>
2020-05-11 20:21:07,506 - instabot version: 0.117.0 (api) - DEBUG - Responsecode indicates error; response content: b'{"message": "Uploaded image isn\'t in the right format", "status": "fail"}'
2020-05-11 20:21:07,506 - instabot version: 0.117.0 (api) - ERROR - Request returns 400 error!
2020-05-11 20:21:07,506 - instabot version: 0.117.0 (api) - INFO - Instagram's error message: Uploaded image isn't in the right format
2020-05-11 20:21:07,506 - instabot version: 0.117.0 (api) - INFO - Instagram's error message: {}
2020-05-11 20:21:22,909 - instabot version: 0.117.0 (api) - DEBUG - POST to endpoint: media/configure/? returned response: <Response [400]>
2020-05-11 20:21:22,909 - instabot version: 0.117.0 (api) - DEBUG - Responsecode indicates error; response content: b'{"message": "Uploaded image isn\'t in the right format", "status": "fail"}'
2020-05-11 20:21:22,909 - instabot version: 0.117.0 (api) - ERROR - Request returns 400 error!
2020-05-11 20:21:22,909 - instabot version: 0.117.0 (api) - INFO - Instagram's error message: Uploaded image isn't in the right format
2020-05-11 20:21:22,909 - instabot version: 0.117.0 (api) - INFO - Instagram's error message: {}
2020-05-11 20:21:38,308 - instabot version: 0.117.0 (api) - DEBUG - POST to endpoint: media/configure/? returned response: <Response [400]>
2020-05-11 20:21:38,309 - instabot version: 0.117.0 (api) - DEBUG - Responsecode indicates error; response content: b'{"message": "Uploaded image isn\'t in the right format", "status": "fail"}'
2020-05-11 20:21:38,309 - instabot version: 0.117.0 (api) - ERROR - Request returns 400 error!
2020-05-11 20:21:38,309 - instabot version: 0.117.0 (api) - INFO - Instagram's error message: Uploaded image isn't in the right format
2020-05-11 20:21:38,309 - instabot version: 0.117.0 (api) - INFO - Instagram's error message: {}
2020-05-11 20:21:53,710 - instabot version: 0.117.0 (api) - DEBUG - POST to endpoint: media/configure/? returned response: <Response [400]>
2020-05-11 20:21:53,711 - instabot version: 0.117.0 (api) - DEBUG - Responsecode indicates error; response content: b'{"message": "Uploaded image isn\'t in the right format", "status": "fail"}'
2020-05-11 20:21:53,711 - instabot version: 0.117.0 (api) - ERROR - Request returns 400 error!
2020-05-11 20:21:53,711 - instabot version: 0.117.0 (api) - INFO - Instagram's error message: Uploaded image isn't in the right format
2020-05-11 20:21:53,711 - instabot version: 0.117.0 (api) - INFO - Instagram's error message: {}
2020-05-11 20:21:53,711 - instabot version: 0.117.0 (bot_photo) - INFO - Photo 'brazildata.png' is not uploaded.
2020-05-11 20:36:45,393 - instabot version: 0.117.0 (bot_checkpoint) - DEBUG - Saving Checkpoint file to: C:\Users\Dinopc\PycharmProjects\COVIDBot/config/botcovidinstagram@gmail.com.checkpoint
2020-05-11 20:36:45,397 - instabot version: 0.117.0 (bot) - INFO - Total requests: 35
