2020-05-20 02:14:46,151 - instabot version: 0.117.0 (bot) - INFO - Instabot version: 0.117.0 Started
2020-05-20 02:14:46,151 - instabot version: 0.117.0 (bot) - DEBUG - Bot imported from C:\Users\Dinopc\PycharmProjects\COVIDBot\venv\lib\site-packages\instabot\bot\bot.py
2020-05-20 02:14:46,161 - instabot version: 0.117.0 (api_login) - DEBUG - Loading cookies
2020-05-20 02:14:46,161 - instabot version: 0.117.0 (api_login) - DEBUG - Loading uuids
2020-05-20 02:14:46,161 - instabot version: 0.117.0 (api_login) - INFO - Recovery from C:\Users\Dinopc\PycharmProjects\COVIDBot/config/covidbot3_uuid_and_cookie.json: COOKIE True - UUIDs True - TIMING, DEVICE and ...
- user-agent=Instagram 117.0.0.28.123 Android (28/9.0; 420dpi; 1080x1920; OnePlus; ONEPLUS A3003; OnePlus3; qcom; en_US; 180322800)
- phone_id=5f927b03-354b-48b0-a041-eb08fb1cfcf5
- uuid=1399dee0-0d78-427e-a902-c4b1ff3af25e
- client_session_id=634dda62-d04d-4396-9a16-ea596fb734bf
- device_id=android-b8ee0833164008e9
2020-05-20 02:14:46,161 - instabot version: 0.117.0 (api_login) - INFO - LOGIN FLOW! Just logged-in: False
2020-05-20 02:14:47,302 - instabot version: 0.117.0 (api) - DEBUG - POST to endpoint: feed/timeline/ returned response: <Response [200]>
2020-05-20 02:14:47,729 - instabot version: 0.117.0 (api) - DEBUG - POST to endpoint: feed/reels_tray/ returned response: <Response [200]>
2020-05-20 02:14:48,208 - instabot version: 0.117.0 (api) - DEBUG - POST to endpoint: direct_v2/ranked_recipients/ returned response: <Response [200]>
2020-05-20 02:14:48,515 - instabot version: 0.117.0 (api) - DEBUG - POST to endpoint: direct_v2/ranked_recipients/ returned response: <Response [200]>
2020-05-20 02:14:48,890 - instabot version: 0.117.0 (api) - DEBUG - POST to endpoint: direct_v2/inbox/ returned response: <Response [200]>
2020-05-20 02:14:49,167 - instabot version: 0.117.0 (api) - DEBUG - GET to endpoint: direct_v2/get_presence/ returned response: <Response [200]>
2020-05-20 02:14:49,761 - instabot version: 0.117.0 (api) - DEBUG - GET to endpoint: news/inbox/?limited_activity=true&show_su=true returned response: <Response [200]>
2020-05-20 02:14:50,062 - instabot version: 0.117.0 (api) - DEBUG - GET to endpoint: users/profile_notice/ returned response: <Response [200]>
2020-05-20 02:14:50,856 - instabot version: 0.117.0 (api) - DEBUG - POST to endpoint: discover/explore/ returned response: <Response [200]>
2020-05-20 02:14:50,863 - instabot version: 0.117.0 (api) - INFO - Logged-in successfully as 'covidbot3'!
2020-05-20 02:14:50,864 - instabot version: 0.117.0 (bot_checkpoint) - DEBUG - Loading Checkpoint file from: C:\Users\Dinopc\PycharmProjects\COVIDBot/config/covidbot3.checkpoint
2020-05-20 02:17:02,794 - instabot version: 0.117.0 (api) - DEBUG - POST to endpoint: media/configure/? returned response: <Response [200]>
2020-05-20 02:17:03,108 - instabot version: 0.117.0 (api) - DEBUG - POST to endpoint: qe/expose/ returned response: <Response [200]>
2020-05-20 02:17:03,109 - instabot version: 0.117.0 (bot_photo) - INFO - Photo 'brazildata.jpg' is uploaded.
