2020-05-20 20:49:14,825 - instabot version: 0.117.0 (bot) - INFO - Instabot version: 0.117.0 Started
2020-05-20 20:49:14,825 - instabot version: 0.117.0 (bot) - DEBUG - Bot imported from C:\Users\Dinopc\PycharmProjects\COVIDBot\venv\lib\site-packages\instabot\bot\bot.py
2020-05-20 20:49:14,826 - instabot version: 0.117.0 (api_login) - DEBUG - Loading cookies
2020-05-20 20:49:14,826 - instabot version: 0.117.0 (api_login) - DEBUG - Loading uuids
2020-05-20 20:49:14,826 - instabot version: 0.117.0 (api_login) - INFO - Recovery from C:\Users\Dinopc\PycharmProjects\COVIDBot/config/covidbot3_uuid_and_cookie.json: COOKIE True - UUIDs True - TIMING, DEVICE and ...
- user-agent=Instagram 117.0.0.28.123 Android (28/9.0; 420dpi; 1080x1920; OnePlus; ONEPLUS A3003; OnePlus3; qcom; en_US; 180322800)
- phone_id=5f927b03-354b-48b0-a041-eb08fb1cfcf5
- uuid=1399dee0-0d78-427e-a902-c4b1ff3af25e
- client_session_id=21ffaf3f-e160-48af-95cf-cf9f5da3190e
- device_id=android-b8ee0833164008e9
2020-05-20 20:49:14,827 - instabot version: 0.117.0 (api_login) - INFO - LOGIN FLOW! Just logged-in: False
2020-05-20 20:49:15,900 - instabot version: 0.117.0 (api) - DEBUG - POST to endpoint: feed/timeline/ returned response: <Response [200]>
2020-05-20 20:49:16,363 - instabot version: 0.117.0 (api) - DEBUG - POST to endpoint: feed/reels_tray/ returned response: <Response [200]>
2020-05-20 20:49:16,688 - instabot version: 0.117.0 (api) - DEBUG - POST to endpoint: direct_v2/ranked_recipients/ returned response: <Response [200]>
2020-05-20 20:49:16,994 - instabot version: 0.117.0 (api) - DEBUG - POST to endpoint: direct_v2/ranked_recipients/ returned response: <Response [200]>
2020-05-20 20:49:17,325 - instabot version: 0.117.0 (api) - DEBUG - POST to endpoint: direct_v2/inbox/ returned response: <Response [200]>
2020-05-20 20:49:17,606 - instabot version: 0.117.0 (api) - DEBUG - GET to endpoint: direct_v2/get_presence/ returned response: <Response [200]>
2020-05-20 20:49:18,179 - instabot version: 0.117.0 (api) - DEBUG - GET to endpoint: news/inbox/?limited_activity=true&show_su=true returned response: <Response [200]>
2020-05-20 20:49:18,485 - instabot version: 0.117.0 (api) - DEBUG - GET to endpoint: users/profile_notice/ returned response: <Response [200]>
2020-05-20 20:49:19,457 - instabot version: 0.117.0 (api) - DEBUG - POST to endpoint: discover/explore/ returned response: <Response [200]>
2020-05-20 20:49:19,462 - instabot version: 0.117.0 (api) - INFO - Logged-in successfully as 'covidbot3'!
2020-05-20 20:49:19,462 - instabot version: 0.117.0 (bot_checkpoint) - DEBUG - Loading Checkpoint file from: C:\Users\Dinopc\PycharmProjects\COVIDBot/config/covidbot3.checkpoint
2020-05-20 20:49:45,011 - instabot version: 0.117.0 (api) - DEBUG - POST to endpoint: media/configure/? returned response: <Response [200]>
2020-05-20 20:49:45,332 - instabot version: 0.117.0 (api) - DEBUG - POST to endpoint: qe/expose/ returned response: <Response [200]>
2020-05-20 20:49:45,333 - instabot version: 0.117.0 (bot_photo) - INFO - Photo '1-brazildata.jpg' is uploaded.
2020-05-20 20:50:28,477 - instabot version: 0.117.0 (api) - DEBUG - POST to endpoint: media/configure/? returned response: <Response [200]>
2020-05-20 20:50:28,804 - instabot version: 0.117.0 (api) - DEBUG - POST to endpoint: qe/expose/ returned response: <Response [200]>
2020-05-20 20:50:28,806 - instabot version: 0.117.0 (bot_photo) - INFO - Photo '2-worlddata.jpg' is uploaded.
2020-05-20 20:51:01,446 - instabot version: 0.117.0 (api) - DEBUG - POST to endpoint: media/configure/? returned response: <Response [200]>
2020-05-20 20:51:01,753 - instabot version: 0.117.0 (api) - DEBUG - POST to endpoint: qe/expose/ returned response: <Response [200]>
2020-05-20 20:51:01,754 - instabot version: 0.117.0 (bot_photo) - INFO - Photo 'grafico.jpg' is uploaded.
2020-05-20 20:51:37,945 - instabot version: 0.117.0 (api) - DEBUG - POST to endpoint: media/configure/? returned response: <Response [200]>
2020-05-20 20:51:38,257 - instabot version: 0.117.0 (api) - DEBUG - POST to endpoint: qe/expose/ returned response: <Response [200]>
2020-05-20 20:51:38,258 - instabot version: 0.117.0 (bot_photo) - INFO - Photo 'graficobarras.jpg' is uploaded.
